--- 
MODEL NAME: demo
--- 
NODE DATA
--- 
NODE: 0
NAME: 0
X: -1.964191
Y: -1.634276
Z: 12.921037
--- 
NODE: 1
NAME: 1
X: 0.668028
Y: 3.177966
Z: -7.453646
--- 
NODE: 2
NAME: 2
X: -5.755791
Y: 5.635355
Z: -20.655569
--- 
NODE: 3
NAME: 3
X: 8.165690
Y: 5.082369
Z: -19.949831
--- 
JOINT DATA
--- 
JOINT: 0
NAME: J0
NODE: 1
X: -1.964191
Y: -1.634276
Z: 12.921037
INLET NAME: IN0
OUTLET NAME: OUT0
--- 
SEGMENT DATA
--- 
SEGMENT N.: 0
NAME: Group0_Seg0
ID: 0
LENGTH: 22.224032
NUM ELEMENTS: 222
IN NODE: 0
OUT NODE: 1
IN AREA: 3.828014
OUT AREA: 1.483004
IN FLOW: 0.000000
MAT DATATABLE NAME: MAT1
LOSS TYPE: NONE
BRANCH ANGLE: 0.000000
UPSTREAM SEGMENT: 0
BRANCH SEGMENT: 0
BOUNDARY CONDITIONS TYPE: NOBOUND
INLET DATA TABLE: NONE
--- 
SEGMENT N.: 1
NAME: Group2_Seg1
ID: 1
LENGTH: 22.233984
NUM ELEMENTS: 222
IN NODE: 1
OUT NODE: 2
IN AREA: 1.135955
OUT AREA: 0.750111
IN FLOW: 0.000000
MAT DATATABLE NAME: MAT1
LOSS TYPE: NONE
BRANCH ANGLE: 0.000000
UPSTREAM SEGMENT: 0
BRANCH SEGMENT: 0
BOUNDARY CONDITIONS TYPE: RCR
INLET DATA TABLE: RCR_0
--- 
SEGMENT N.: 2
NAME: Group3_Seg2
ID: 2
LENGTH: 20.254630
NUM ELEMENTS: 203
IN NODE: 1
OUT NODE: 3
IN AREA: 1.119857
OUT AREA: 0.717454
IN FLOW: 0.000000
MAT DATATABLE NAME: MAT1
LOSS TYPE: NONE
BRANCH ANGLE: 0.000000
UPSTREAM SEGMENT: 0
BRANCH SEGMENT: 0
BOUNDARY CONDITIONS TYPE: RCR
INLET DATA TABLE: RCR_1
--- 
PRINT SOLVER OPTION DATA
TIME STEP: 0.001000
STEP SIZE: 1
MAX STEP: 10000
QUADRATURE POINTS: 2
INLET DATA TABLE: INFLOW
BOUNDARY TYPE: FLOW
CONVERGENCE TOLERANCE: 0.000010
USE IV: 1
USE STABILIZATION: 1
--- 
--- 
MATERIAL NUM: 0
NAME: MAT1
TYPE: OLUFSEN
DENSITY: 1.060000
VISCOSITY: 0.040000
REF PRESSURE: 0.000000
EXPONENT: 1.000000
PARAM 1: 0.000000
PARAM 2: -22.526700
PARAM 3: 10000000.000000
--- 
JOINTINLET DATA
--- 
JOINTINLET NUM: 0
NAME: IN0
TOTAL : 1
LIST ITEMS
0 

--- 
JOINTOUTLET DATA
--- 
JOINTOUTLET NUM: 0
NAME: OUT0
TOTAL : 2
LIST ITEMS
1 
2 

--- 
DATA TABLES
--- 
DATA TABLE ID: 0
DATA TABLE NAME: RCR_0
DATA TABLE TYPE: LIST
VALUE n. 1: 0.000000
VALUE n. 2: 90.000000
VALUE n. 3: 0.000000
VALUE n. 4: 0.000800
VALUE n. 5: 0.000000
VALUE n. 6: 1200.000000
--- 
DATA TABLE ID: 1
DATA TABLE NAME: RCR_1
DATA TABLE TYPE: LIST
VALUE n. 1: 0.000000
VALUE n. 2: 100.000000
VALUE n. 3: 0.000000
VALUE n. 4: 0.000400
VALUE n. 5: 0.000000
VALUE n. 6: 1100.000000
--- 
DATA TABLE ID: 2
DATA TABLE NAME: INFLOW
DATA TABLE TYPE: LIST
VALUE n. 1: 0.000000
VALUE n. 2: 34.800000
VALUE n. 3: 0.014060
VALUE n. 4: 35.751830
VALUE n. 5: 0.028130
VALUE n. 6: 36.621830
VALUE n. 7: 0.042190
VALUE n. 8: 36.852250
VALUE n. 9: 0.056250
VALUE n. 10: 38.934650
VALUE n. 11: 0.070310
VALUE n. 12: 41.760000
VALUE n. 13: 0.084380
VALUE n. 14: 45.976490
VALUE n. 15: 0.098440
VALUE n. 16: 50.735640
VALUE n. 17: 0.112500
VALUE n. 18: 55.249310
VALUE n. 19: 0.126560
VALUE n. 20: 60.632970
VALUE n. 21: 0.140620
VALUE n. 22: 66.016630
VALUE n. 23: 0.154690
VALUE n. 24: 70.515220
VALUE n. 25: 0.168450
VALUE n. 26: 74.552970
VALUE n. 27: 0.182810
VALUE n. 28: 76.947630
VALUE n. 29: 0.196870
VALUE n. 30: 80.612820
VALUE n. 31: 0.210940
VALUE n. 32: 81.088740
VALUE n. 33: 0.225000
VALUE n. 34: 81.125350
VALUE n. 35: 0.239060
VALUE n. 36: 80.649430
VALUE n. 37: 0.253120
VALUE n. 38: 79.303520
VALUE n. 39: 0.267190
VALUE n. 40: 75.532800
VALUE n. 41: 0.281250
VALUE n. 42: 70.676730
VALUE n. 43: 0.295310
VALUE n. 44: 65.271540
VALUE n. 45: 0.309380
VALUE n. 46: 59.039410
VALUE n. 47: 0.323440
VALUE n. 48: 52.643610
VALUE n. 49: 0.337500
VALUE n. 50: 44.904060
VALUE n. 51: 0.351560
VALUE n. 52: 42.042100
VALUE n. 53: 0.365630
VALUE n. 54: 38.180940
VALUE n. 55: 0.379690
VALUE n. 56: 31.451360
VALUE n. 57: 0.393750
VALUE n. 58: 28.710000
VALUE n. 59: 0.407810
VALUE n. 60: 28.710000
VALUE n. 61: 0.421880
VALUE n. 62: 26.970000
VALUE n. 63: 0.435940
VALUE n. 64: 26.136610
VALUE n. 65: 0.450000
VALUE n. 66: 26.970000
VALUE n. 67: 0.464060
VALUE n. 68: 27.840000
VALUE n. 69: 0.478130
VALUE n. 70: 28.361140
VALUE n. 71: 0.492190
VALUE n. 72: 29.961160
VALUE n. 73: 0.506250
VALUE n. 74: 33.998910
VALUE n. 75: 0.520310
VALUE n. 76: 35.878890
VALUE n. 77: 0.534380
VALUE n. 78: 37.224800
VALUE n. 79: 0.548440
VALUE n. 80: 38.861440
VALUE n. 81: 0.562500
VALUE n. 82: 41.553270
VALUE n. 83: 0.576560
VALUE n. 84: 42.132550
VALUE n. 85: 0.590630
VALUE n. 86: 42.630000
VALUE n. 87: 0.604690
VALUE n. 88: 43.084380
VALUE n. 89: 0.618750
VALUE n. 90: 43.500000
VALUE n. 91: 0.632810
VALUE n. 92: 43.500000
VALUE n. 93: 0.646870
VALUE n. 94: 42.487800
VALUE n. 95: 0.660940
VALUE n. 96: 41.760000
VALUE n. 97: 0.675000
VALUE n. 98: 41.536040
VALUE n. 99: 0.689060
VALUE n. 100: 40.190120
VALUE n. 101: 0.703120
VALUE n. 102: 39.150000
VALUE n. 103: 0.717190
VALUE n. 104: 37.586580
VALUE n. 105: 0.731250
VALUE n. 106: 36.927620
VALUE n. 107: 0.745310
VALUE n. 108: 35.682920
VALUE n. 109: 0.759380
VALUE n. 110: 34.330500
VALUE n. 111: 0.773440
VALUE n. 112: 33.930000
VALUE n. 113: 0.787500
VALUE n. 114: 33.378710
VALUE n. 115: 0.801560
VALUE n. 116: 33.217200
VALUE n. 117: 0.815630
VALUE n. 118: 33.930000
VALUE n. 119: 0.829690
VALUE n. 120: 33.690970
VALUE n. 121: 0.843750
VALUE n. 122: 33.774950
VALUE n. 123: 0.857810
VALUE n. 124: 33.380870
VALUE n. 125: 0.871880
VALUE n. 126: 34.726000
VALUE n. 127: 0.885940
VALUE n. 128: 35.202700
VALUE n. 129: 0.900000
VALUE n. 130: 34.800000
