--- 
MODEL NAME: SU201_2005_RPA1
--- 
NODE DATA
--- 
NODE: 0
NAME: 0
X: 26.904272
Y: 21.049297
Z: 22.756124
--- 
NODE: 1
NAME: 1
X: 8.298015
Y: 8.342295
Z: 14.660408
--- 
NODE: 2
NAME: 2
X: 6.504995
Y: 7.375696
Z: 13.073260
--- 
NODE: 3
NAME: 3
X: -1.111442
Y: 1.686126
Z: 6.972363
--- 
NODE: 4
NAME: 4
X: -8.684844
Y: -11.900195
Z: 1.623304
--- 
NODE: 5
NAME: 5
X: -0.335262
Y: -13.373222
Z: 8.982663
--- 
NODE: 6
NAME: 6
X: -18.648254
Y: -3.902135
Z: -15.723647
--- 
NODE: 7
NAME: 7
X: -7.843572
Y: 9.025006
Z: 12.899820
--- 
NODE: 8
NAME: 8
X: -17.837095
Y: 8.336731
Z: 3.217603
--- 
NODE: 9
NAME: 9
X: -18.411818
Y: 13.882887
Z: 10.011498
--- 
JOINT DATA
--- 
JOINT: 0
NAME: J0
NODE: 1
X: 26.904272
Y: 21.049297
Z: 22.756124
INLET NAME: IN0
OUTLET NAME: OUT0
--- 
JOINT: 1
NAME: J1
NODE: 2
X: 8.298015
Y: 8.342295
Z: 14.660408
INLET NAME: IN1
OUTLET NAME: OUT1
--- 
JOINT: 2
NAME: J2
NODE: 3
X: 6.504995
Y: 7.375696
Z: 13.073260
INLET NAME: IN2
OUTLET NAME: OUT2
--- 
JOINT: 3
NAME: J3
NODE: 7
X: -1.111442
Y: 1.686126
Z: 6.972363
INLET NAME: IN3
OUTLET NAME: OUT3
--- 
SEGMENT DATA
--- 
SEGMENT N.: 0
NAME: Group0_Seg0
ID: 0
LENGTH: 25.861635
NUM ELEMENTS: 259
IN NODE: 0
OUT NODE: 1
IN AREA: 15.693287
OUT AREA: 7.851203
IN FLOW: 0.000000
MAT DATATABLE NAME: MAT1
LOSS TYPE: NONE
BRANCH ANGLE: 0.000000
UPSTREAM SEGMENT: 0
BRANCH SEGMENT: 0
BOUNDARY CONDITIONS TYPE: NOBOUND
INLET DATA TABLE: NONE
--- 
SEGMENT N.: 1
NAME: Group1_Seg1
ID: 1
LENGTH: 2.047190
NUM ELEMENTS: 20
IN NODE: 1
OUT NODE: 2
IN AREA: 8.290693
OUT AREA: 7.168432
IN FLOW: 0.000000
MAT DATATABLE NAME: MAT1
LOSS TYPE: NONE
BRANCH ANGLE: 0.000000
UPSTREAM SEGMENT: 0
BRANCH SEGMENT: 0
BOUNDARY CONDITIONS TYPE: NOBOUND
INLET DATA TABLE: NONE
--- 
SEGMENT N.: 2
NAME: Group3_Seg2
ID: 2
LENGTH: 10.527821
NUM ELEMENTS: 105
IN NODE: 2
OUT NODE: 3
IN AREA: 5.392693
OUT AREA: 3.484040
IN FLOW: 0.000000
MAT DATATABLE NAME: MAT1
LOSS TYPE: NONE
BRANCH ANGLE: 0.000000
UPSTREAM SEGMENT: 0
BRANCH SEGMENT: 0
BOUNDARY CONDITIONS TYPE: NOBOUND
INLET DATA TABLE: NONE
--- 
SEGMENT N.: 3
NAME: Group5_Seg3
ID: 3
LENGTH: 15.234913
NUM ELEMENTS: 152
IN NODE: 3
OUT NODE: 4
IN AREA: 2.385330
OUT AREA: 1.415818
IN FLOW: 0.000000
MAT DATATABLE NAME: MAT1
LOSS TYPE: NONE
BRANCH ANGLE: 0.000000
UPSTREAM SEGMENT: 0
BRANCH SEGMENT: 0
BOUNDARY CONDITIONS TYPE: RESISTANCE
INLET DATA TABLE: RESISTANCE_0
--- 
SEGMENT N.: 4
NAME: Group6_Seg4
ID: 4
LENGTH: 20.702033
NUM ELEMENTS: 207
IN NODE: 2
OUT NODE: 5
IN AREA: 2.238625
OUT AREA: 1.881006
IN FLOW: 0.000000
MAT DATATABLE NAME: MAT1
LOSS TYPE: NONE
BRANCH ANGLE: 0.000000
UPSTREAM SEGMENT: 0
BRANCH SEGMENT: 0
BOUNDARY CONDITIONS TYPE: RESISTANCE
INLET DATA TABLE: RESISTANCE_1
--- 
SEGMENT N.: 5
NAME: Group7_Seg5
ID: 5
LENGTH: 28.508857
NUM ELEMENTS: 285
IN NODE: 3
OUT NODE: 6
IN AREA: 4.120499
OUT AREA: 1.691005
IN FLOW: 0.000000
MAT DATATABLE NAME: MAT1
LOSS TYPE: NONE
BRANCH ANGLE: 0.000000
UPSTREAM SEGMENT: 0
BRANCH SEGMENT: 0
BOUNDARY CONDITIONS TYPE: RESISTANCE
INLET DATA TABLE: RESISTANCE_2
--- 
SEGMENT N.: 6
NAME: Group9_Seg6
ID: 6
LENGTH: 14.949225
NUM ELEMENTS: 149
IN NODE: 1
OUT NODE: 7
IN AREA: 4.158810
OUT AREA: 2.736698
IN FLOW: 0.000000
MAT DATATABLE NAME: MAT1
LOSS TYPE: NONE
BRANCH ANGLE: 0.000000
UPSTREAM SEGMENT: 0
BRANCH SEGMENT: 0
BOUNDARY CONDITIONS TYPE: NOBOUND
INLET DATA TABLE: NONE
--- 
SEGMENT N.: 7
NAME: Group11_Seg7
ID: 7
LENGTH: 12.799606
NUM ELEMENTS: 128
IN NODE: 7
OUT NODE: 8
IN AREA: 2.125223
OUT AREA: 1.363594
IN FLOW: 0.000000
MAT DATATABLE NAME: MAT1
LOSS TYPE: NONE
BRANCH ANGLE: 0.000000
UPSTREAM SEGMENT: 0
BRANCH SEGMENT: 0
BOUNDARY CONDITIONS TYPE: RESISTANCE
INLET DATA TABLE: RESISTANCE_3
--- 
SEGMENT N.: 8
NAME: Group12_Seg8
ID: 8
LENGTH: 11.295805
NUM ELEMENTS: 113
IN NODE: 7
OUT NODE: 9
IN AREA: 2.145260
OUT AREA: 1.351045
IN FLOW: 0.000000
MAT DATATABLE NAME: MAT1
LOSS TYPE: NONE
BRANCH ANGLE: 0.000000
UPSTREAM SEGMENT: 0
BRANCH SEGMENT: 0
BOUNDARY CONDITIONS TYPE: RESISTANCE
INLET DATA TABLE: RESISTANCE_4
--- 
PRINT SOLVER OPTION DATA
TIME STEP: 0.000588
STEP SIZE: 20
MAX STEP: 2000
QUADRATURE POINTS: 2
INLET DATA TABLE: INFLOW
BOUNDARY TYPE: FLOW
CONVERGENCE TOLERANCE: 0.000010
USE IV: 1
USE STABILIZATION: 1
--- 
--- 
MATERIAL NUM: 0
NAME: MAT1
TYPE: OLUFSEN
DENSITY: 1.070000
VISCOSITY: 0.041000
REF PRESSURE: 0.000000
EXPONENT: 1.000000
PARAM 1: 0.000000
PARAM 2: -22.526700
PARAM 3: 10000000.000000
--- 
JOINTINLET DATA
--- 
JOINTINLET NUM: 0
NAME: IN0
TOTAL : 1
LIST ITEMS
0 

--- 
JOINTINLET NUM: 1
NAME: IN1
TOTAL : 1
LIST ITEMS
1 

--- 
JOINTINLET NUM: 2
NAME: IN2
TOTAL : 1
LIST ITEMS
2 

--- 
JOINTINLET NUM: 3
NAME: IN3
TOTAL : 1
LIST ITEMS
6 

--- 
JOINTOUTLET DATA
--- 
JOINTOUTLET NUM: 0
NAME: OUT0
TOTAL : 2
LIST ITEMS
1 
6 

--- 
JOINTOUTLET NUM: 1
NAME: OUT1
TOTAL : 2
LIST ITEMS
2 
4 

--- 
JOINTOUTLET NUM: 2
NAME: OUT2
TOTAL : 2
LIST ITEMS
3 
5 

--- 
JOINTOUTLET NUM: 3
NAME: OUT3
TOTAL : 2
LIST ITEMS
7 
8 

--- 
DATA TABLES
--- 
DATA TABLE ID: 0
DATA TABLE NAME: RESISTANCE_0
DATA TABLE TYPE: LIST
VALUE n. 1: 0.000000
VALUE n. 2: 0.400000
--- 
DATA TABLE ID: 1
DATA TABLE NAME: RESISTANCE_1
DATA TABLE TYPE: LIST
VALUE n. 1: 0.000000
VALUE n. 2: 0.223300
--- 
DATA TABLE ID: 2
DATA TABLE NAME: RESISTANCE_2
DATA TABLE TYPE: LIST
VALUE n. 1: 0.000000
VALUE n. 2: 0.050000
--- 
DATA TABLE ID: 3
DATA TABLE NAME: RESISTANCE_3
DATA TABLE TYPE: LIST
VALUE n. 1: 0.000000
VALUE n. 2: 205.000000
--- 
DATA TABLE ID: 4
DATA TABLE NAME: RESISTANCE_4
DATA TABLE TYPE: LIST
VALUE n. 1: 0.000000
VALUE n. 2: 0.200000
--- 
DATA TABLE ID: 5
DATA TABLE NAME: INFLOW
DATA TABLE TYPE: LIST
VALUE n. 1: 0.000000
VALUE n. 2: 1.868200
VALUE n. 3: 0.031000
VALUE n. 4: 4.964600
VALUE n. 5: 0.062000
VALUE n. 6: 17.746800
VALUE n. 7: 0.093000
VALUE n. 8: 24.753800
VALUE n. 9: 0.124000
VALUE n. 10: 25.966400
VALUE n. 11: 0.155000
VALUE n. 12: 22.933900
VALUE n. 13: 0.186000
VALUE n. 14: 19.437300
VALUE n. 15: 0.216000
VALUE n. 16: 16.290900
VALUE n. 17: 0.247000
VALUE n. 18: 13.330800
VALUE n. 19: 0.278000
VALUE n. 20: 9.321900
VALUE n. 21: 0.309000
VALUE n. 22: 4.545400
VALUE n. 23: 0.340000
VALUE n. 24: 0.091400
VALUE n. 25: 0.371000
VALUE n. 26: 0.355300
VALUE n. 27: 0.402000
VALUE n. 28: 1.357600
VALUE n. 29: 0.433000
VALUE n. 30: 1.485200
VALUE n. 31: 0.464000
VALUE n. 32: 0.933200
VALUE n. 33: 0.495000
VALUE n. 34: 0.379500
VALUE n. 35: 0.526000
VALUE n. 36: 0.414000
VALUE n. 37: 0.557000
VALUE n. 38: 0.740000
VALUE n. 39: 0.588000
VALUE n. 40: 1.036700
