[generate-1d-mesh] INFO - Parse arguments ...
[generate-1d-mesh] INFO - Centerlines input file: /Users/parkerda/SimVascular/sim-1d-SU201_2005-resistance/Simulations1d/su201/centerlines.vtp
[generate-1d-mesh] INFO - Compute centerlines: False
[generate-1d-mesh] INFO - Density: 1.070000
[generate-1d-mesh] INFO - Element size: 0.100000
[generate-1d-mesh] INFO - Inflow input file: /Users/parkerda/SimVascular/sim-1d-SU201_2005-resistance/Simulations1d/su201/inflow.flow
[generate-1d-mesh] INFO - Material model: OLUFSEN
[generate-1d-mesh] INFO - Minimum number of finite elements per segment: 10
[generate-1d-mesh] INFO - Model name: SU201_2005_RPA1
[generate-1d-mesh] INFO - Number of time steps: 2000
[generate-1d-mesh] INFO - Olufsen material parameter k1: 0.000000
[generate-1d-mesh] INFO - Olufsen material parameter k2: -22.526700
[generate-1d-mesh] INFO - Olufsen material parameter k3: 10000000.000000
[generate-1d-mesh] INFO - Olufsen material parameter exponent: 1.000000
[generate-1d-mesh] INFO - Olufsen material parameter pressure: 0.000000
[generate-1d-mesh] INFO - Outflow bc file: /Users/parkerda/SimVascular/sim-1d-SU201_2005-resistance/Simulations1d/su201/resistance.dat
[generate-1d-mesh] INFO - Outflow bc type: resistance
[generate-1d-mesh] INFO - Outlet face names file: '/Users/parkerda/SimVascular/sim-1d-SU201_2005-resistance/Simulations1d/su201/outlet_face_names.dat'.
[generate-1d-mesh] INFO - Save data frequency: 20
[generate-1d-mesh] INFO - Solver output file: solver.in
[generate-1d-mesh] INFO - Simulation time step: 0.000588
[generate-1d-mesh] INFO - Uniform boundary conditions: False
[generate-1d-mesh] INFO - Units: cm
[generate-1d-mesh] INFO - Viscosity: 0.041000
[generate-1d-mesh] INFO - Wall properties are uniform.
[generate-1d-mesh] INFO - Write mesh file: False
[generate-1d-mesh] INFO - Write solver file: True
[generate-1d-mesh] INFO - Read centerlines from the file: /Users/parkerda/SimVascular/sim-1d-SU201_2005-resistance/Simulations1d/su201/centerlines.vtp
[generate-1d-mesh] INFO -    Number of points: 2258 
[generate-1d-mesh] INFO -    Number of cells: 29 
[generate-1d-mesh] INFO -    Number of arrays: 4
[generate-1d-mesh] INFO - Generate the 1D mesh ...
[generate-1d-mesh] INFO - Read model outlet face names from: /Users/parkerda/SimVascular/sim-1d-SU201_2005-resistance/Simulations1d/su201/outlet_face_names.dat
[generate-1d-mesh] INFO - Number of model outlet faces names: 5
[generate-1d-mesh] INFO - Outlet face names: ['RPA1_1', 'RPA1_1_1', 'RPA1_2', 'RPA1_3', 'RPA1']
[generate-1d-mesh] INFO - Number of cells: 29
[generate-1d-mesh] INFO - Number of paths: 5
[generate-1d-mesh] INFO - Number of groups: 13
[generate-1d-mesh] INFO - Set variable outflow boundary conditions ...
[generate-1d-mesh] INFO - Read resistance BCs ...
[generate-1d-mesh] INFO - Face RPA1_1  value 0.4
[generate-1d-mesh] INFO - Face RPA1_1_1  value 0.2233
[generate-1d-mesh] INFO - Face RPA1_2  value 0.05
[generate-1d-mesh] INFO - Face RPA1_3  value 205.0
[generate-1d-mesh] INFO - Face RPA1  value 0.2
[generate-1d-mesh] INFO - Read inflow BC ...
[generate-1d-mesh] INFO - Write solver file.
[generate-1d-mesh] INFO - Write solver segment section ...
[generate-1d-mesh] INFO - Uniform BC: False
[generate-1d-mesh] INFO - Outflow BC: resistance
[generate-1d-mesh] INFO - Generated 9 segments, 10 nodes and 1418 elements.
